D:\Z\IoannaM\Project\eshop_gui\eshop_gui\Debug\eshop_gui.ilk
D:\Z\IOANNAM\PROJECT\ESHOP_GUI\ESHOP_GUI\ESHOP_GUI\DEBUG\.NETFRAMEWORK,VERSION=V4.0.ASSEMBLYATTRIBUTES.OBJ
D:\Z\IOANNAM\PROJECT\ESHOP_GUI\ESHOP_GUI\ESHOP_GUI\DEBUG\ADMINISTRATOR.OBJ
D:\Z\IOANNAM\PROJECT\ESHOP_GUI\ESHOP_GUI\ESHOP_GUI\DEBUG\APP.RES
D:\Z\IOANNAM\PROJECT\ESHOP_GUI\ESHOP_GUI\ESHOP_GUI\DEBUG\ASSEMBLYINFO.OBJ
D:\Z\IOANNAM\PROJECT\ESHOP_GUI\ESHOP_GUI\ESHOP_GUI\DEBUG\AVAILABILITY.OBJ
D:\Z\IoannaM\Project\eshop_gui\eshop_gui\eshop_gui\Debug\cl.command.1.tlog
D:\Z\IoannaM\Project\eshop_gui\eshop_gui\eshop_gui\Debug\CL.read.1.tlog
D:\Z\IoannaM\Project\eshop_gui\eshop_gui\eshop_gui\Debug\CL.write.1.tlog
D:\Z\IOANNAM\PROJECT\ESHOP_GUI\ESHOP_GUI\ESHOP_GUI\DEBUG\COMPANY.OBJ
D:\Z\IOANNAM\PROJECT\ESHOP_GUI\ESHOP_GUI\ESHOP_GUI\DEBUG\CUSTOMER.OBJ
D:\Z\IoannaM\Project\eshop_gui\eshop_gui\eshop_gui\Debug\eshop_gui.Login.resources
D:\Z\IOANNAM\PROJECT\ESHOP_GUI\ESHOP_GUI\ESHOP_GUI\DEBUG\ESHOP_GUI.OBJ
D:\Z\IOANNAM\PROJECT\ESHOP_GUI\ESHOP_GUI\ESHOP_GUI\DEBUG\ESHOP_GUI.PCH
D:\Z\IoannaM\Project\eshop_gui\eshop_gui\eshop_gui\Debug\eshop_gui.vcxproj.GenerateResource.Cache
D:\Z\IoannaM\Project\eshop_gui\eshop_gui\eshop_gui\Debug\eshop_gui.write.1.tlog
D:\Z\IoannaM\Project\eshop_gui\eshop_gui\eshop_gui\Debug\link.14196.read.1.tlog
D:\Z\IoannaM\Project\eshop_gui\eshop_gui\eshop_gui\Debug\link.14196.write.1.tlog
D:\Z\IoannaM\Project\eshop_gui\eshop_gui\eshop_gui\Debug\link.command.1.tlog
D:\Z\IoannaM\Project\eshop_gui\eshop_gui\eshop_gui\Debug\link.read.1.tlog
D:\Z\IoannaM\Project\eshop_gui\eshop_gui\eshop_gui\Debug\link.write.1.tlog
D:\Z\IOANNAM\PROJECT\ESHOP_GUI\ESHOP_GUI\ESHOP_GUI\DEBUG\ORDER.OBJ
D:\Z\IOANNAM\PROJECT\ESHOP_GUI\ESHOP_GUI\ESHOP_GUI\DEBUG\PC.OBJ
D:\Z\IOANNAM\PROJECT\ESHOP_GUI\ESHOP_GUI\ESHOP_GUI\DEBUG\PERSON.OBJ
D:\Z\IOANNAM\PROJECT\ESHOP_GUI\ESHOP_GUI\ESHOP_GUI\DEBUG\PRODUCTBASE.OBJ
D:\Z\IOANNAM\PROJECT\ESHOP_GUI\ESHOP_GUI\ESHOP_GUI\DEBUG\PRODUCTDAO.OBJ
D:\Z\IoannaM\Project\eshop_gui\eshop_gui\eshop_gui\Debug\rc.command.1.tlog
D:\Z\IoannaM\Project\eshop_gui\eshop_gui\eshop_gui\Debug\rc.read.1.tlog
D:\Z\IoannaM\Project\eshop_gui\eshop_gui\eshop_gui\Debug\rc.write.1.tlog
D:\Z\IOANNAM\PROJECT\ESHOP_GUI\ESHOP_GUI\ESHOP_GUI\DEBUG\SMARTPHONE.OBJ
D:\Z\IOANNAM\PROJECT\ESHOP_GUI\ESHOP_GUI\ESHOP_GUI\DEBUG\STDAFX.OBJ
D:\Z\IOANNAM\PROJECT\ESHOP_GUI\ESHOP_GUI\ESHOP_GUI\DEBUG\TV.OBJ
D:\Z\IOANNAM\PROJECT\ESHOP_GUI\ESHOP_GUI\ESHOP_GUI\DEBUG\USERBASE.OBJ
D:\Z\IOANNAM\PROJECT\ESHOP_GUI\ESHOP_GUI\ESHOP_GUI\DEBUG\VC100.PDB
